<?xml version="1.0" encoding="UTF-8"?>
<testsuite xmlns:xsi="http://www.w3.org/2001/XMLSchema-instance" xsi:noNamespaceSchemaLocation="https://maven.apache.org/surefire/maven-surefire-plugin/xsd/surefire-test-report.xsd" name="com.learn.junit.UtilsTest" time="0.201" tests="21" errors="0" skipped="0" failures="0">
  <properties>
[...]
</properties>
  <testcase name="testAbs{int}[1]" classname="com.learn.junit.UtilsTest" time="0.033"/>
  <testcase name="testAbs{int}[2]" classname="com.learn.junit.UtilsTest" time="0.001"/>
  <testcase name="testAbs{int}[3]" classname="com.learn.junit.UtilsTest" time="0"/>
  <testcase name="testAbs{int}[4]" classname="com.learn.junit.UtilsTest" time="0"/>
  <testcase name="testAbs{int}[5]" classname="com.learn.junit.UtilsTest" time="0.002"/>
  <testcase name="testAbs2{int}[1]" classname="com.learn.junit.UtilsTest" time="0.001"/>
  <testcase name="testAbs2{int}[2]" classname="com.learn.junit.UtilsTest" time="0.001"/>
  <testcase name="testAbs2{int}[3]" classname="com.learn.junit.UtilsTest" time="0"/>
  <testcase name="testAbs2{int}[4]" classname="com.learn.junit.UtilsTest" time="0.001"/>
  <testcase name="testAbs2{int}[5]" classname="com.learn.junit.UtilsTest" time="0.001"/>
  <testcase name="testCapitalize2{String, String}[1]" classname="com.learn.junit.UtilsTest" time="0.008"/>
  <testcase name="testCapitalize2{String, String}[2]" classname="com.learn.junit.UtilsTest" time="0.002"/>
  <testcase name="testCapitalize2{String, String}[3]" classname="com.learn.junit.UtilsTest" time="0.001"/>
  <testcase name="testCapitalize3{String, String}[1]" classname="com.learn.junit.UtilsTest" time="0.001"/>
  <testcase name="testCapitalize3{String, String}[2]" classname="com.learn.junit.UtilsTest" time="0"/>
  <testcase name="testCapitalize3{String, String}[3]" classname="com.learn.junit.UtilsTest" time="0.001"/>
  <testcase name="testCapitalize3{String, String}[4]" classname="com.learn.junit.UtilsTest" time="0.001"/>
  <testcase name="testCapitalize{String, String}[1]" classname="com.learn.junit.UtilsTest" time="0"/>
  <testcase name="testCapitalize{String, String}[2]" classname="com.learn.junit.UtilsTest" time="0"/>
  <testcase name="testCapitalize{String, String}[3]" classname="com.learn.junit.UtilsTest" time="0.001"/>
  <testcase name="testCapitalize{String, String}[4]" classname="com.learn.junit.UtilsTest" time="0"/>
</testsuite>